c:\users\mia\source\repos\projecthex\projecthex\x64\debug\vc142.pdb
c:\users\mia\source\repos\projecthex\projecthex\x64\debug\vc142.idb
c:\users\mia\source\repos\projecthex\projecthex\x64\debug\protect.obj
c:\users\mia\source\repos\projecthex\projecthex\x64\debug\main.obj
c:\users\mia\source\repos\projecthex\projecthex\x64\debug\driver.obj
c:\users\mia\source\repos\projecthex\projecthex\x64\debug\imgui_widgets.obj
c:\users\mia\source\repos\projecthex\projecthex\x64\debug\imgui_impl_win32.obj
c:\users\mia\source\repos\projecthex\projecthex\x64\debug\imgui_impl_dx9.obj
c:\users\mia\source\repos\projecthex\projecthex\x64\debug\imgui_draw.obj
c:\users\mia\source\repos\projecthex\projecthex\x64\debug\imgui_demo.obj
c:\users\mia\source\repos\projecthex\projecthex\x64\debug\imgui.obj
c:\users\mia\source\repos\projecthex\x64\debug\projecthex.exe
c:\users\mia\source\repos\projecthex\x64\debug\projecthex.ilk
c:\users\mia\source\repos\projecthex\x64\debug\projecthex.pdb
c:\users\mia\source\repos\projecthex\projecthex\x64\debug\projecthex.obj
c:\users\mia\source\repos\projecthex\projecthex\x64\debug\projecthex.tlog\cl.command.1.tlog
c:\users\mia\source\repos\projecthex\projecthex\x64\debug\projecthex.tlog\cl.read.1.tlog
c:\users\mia\source\repos\projecthex\projecthex\x64\debug\projecthex.tlog\cl.write.1.tlog
c:\users\mia\source\repos\projecthex\projecthex\x64\debug\projecthex.tlog\link.command.1.tlog
c:\users\mia\source\repos\projecthex\projecthex\x64\debug\projecthex.tlog\link.read.1.tlog
c:\users\mia\source\repos\projecthex\projecthex\x64\debug\projecthex.tlog\link.write.1.tlog
